<?xml version="1.0" encoding="UTF-8"?>
<!-- Generated by org.testng.reporters.JUnitReportReporter -->
<testsuite hostname="Rawat-PC" failures="0" tests="1" name="TestCases.PutMethodToUpdateUserAccountTest" time="1.928" errors="0" timestamp="2024-08-10T21:08:49 IST" skipped="0">
  <testcase classname="TestCases.PutMethodToUpdateUserAccountTest" name="putMethodToUpdateUserAccount" time="1.928"/>
</testsuite> <!-- TestCases.PutMethodToUpdateUserAccountTest -->
