<?xml version="1.0" encoding="UTF-8"?>
<!-- Generated by org.testng.reporters.JUnitReportReporter -->
<testsuite hostname="Rawat-PC" failures="0" tests="1" name="TestCases.postUserTest" time="0.007" errors="0" timestamp="2024-08-03T21:54:24 IST" skipped="0">
  <testcase classname="TestCases.postUserTest" name="setup" time="0.007"/>
</testsuite> <!-- TestCases.postUserTest -->
