<?xml version="1.0" encoding="UTF-8"?>
<!-- Generated by org.testng.reporters.JUnitReportReporter -->
<testsuite hostname="Rawat-PC" failures="0" tests="1" name="TestCases.GetUserAccountDetailByEmail" time="1.323" errors="0" timestamp="2024-08-10T21:08:49 IST" skipped="0">
  <testcase classname="TestCases.GetUserAccountDetailByEmail" name="getUserAccountDetailByEmail" time="1.323"/>
</testsuite> <!-- TestCases.GetUserAccountDetailByEmail -->
