<?xml version="1.0" encoding="UTF-8"?>
<!-- Generated by org.testng.reporters.JUnitReportReporter -->
<testsuite hostname="Rawat-PC" failures="0" tests="1" name="TestCases.DeleteMethodToDeleteUserAccountTest" time="1.601" errors="0" timestamp="2024-08-10T21:08:49 IST" skipped="0">
  <testcase classname="TestCases.DeleteMethodToDeleteUserAccountTest" name="deleteMethodToDeleteUserAccountTest" time="1.601"/>
</testsuite> <!-- TestCases.DeleteMethodToDeleteUserAccountTest -->
