<?xml version="1.0" encoding="UTF-8"?>
<!-- Generated by org.testng.reporters.JUnitReportReporter -->
<testsuite hostname="Rawat-PC" failures="0" tests="1" name="TestCases.PostToVerifyLoginWithoutEmailParameter" time="1.759" errors="0" timestamp="2024-08-10T21:08:49 IST" skipped="0">
  <testcase classname="TestCases.PostToVerifyLoginWithoutEmailParameter" name="postToVerifyLoginWithoutEmailParameter" time="1.759"/>
</testsuite> <!-- TestCases.PostToVerifyLoginWithoutEmailParameter -->
