<?xml version="1.0" encoding="UTF-8"?>
<!-- Generated by org.testng.reporters.JUnitReportReporter -->
<testsuite hostname="Rawat-PC" failures="0" tests="1" name="TestCases.GetAllProductListTest" time="2.046" errors="0" timestamp="2024-08-10T21:08:49 IST" skipped="0">
  <testcase classname="TestCases.GetAllProductListTest" name="getAllProductListTest" time="2.046"/>
</testsuite> <!-- TestCases.GetAllProductListTest -->
