<?xml version="1.0" encoding="UTF-8"?>
<!-- Generated by org.testng.reporters.JUnitReportReporter -->
<testsuite hostname="Rawat-PC" failures="0" tests="1" name="TestCases.CreateUserAccountTest" time="4.056" errors="0" timestamp="2024-08-10T21:08:49 IST" skipped="0">
  <testcase classname="TestCases.CreateUserAccountTest" name="createUserAccount" time="4.056"/>
</testsuite> <!-- TestCases.CreateUserAccountTest -->
