<?xml version="1.0" encoding="UTF-8"?>
<!-- Generated by org.testng.reporters.JUnitReportReporter -->
<testsuite hostname="Rawat-PC" failures="0" tests="1" name="TestCases.UserTest" time="2.122" errors="0" timestamp="2024-08-03T22:52:12 IST" skipped="0">
  <testcase classname="TestCases.UserTest" name="postUserTest" time="2.122"/>
</testsuite> <!-- TestCases.UserTest -->
