<?xml version="1.0" encoding="UTF-8"?>
<!-- Generated by org.testng.reporters.JUnitReportReporter -->
<testsuite hostname="Rawat-PC" failures="0" tests="1" name="TestCases.GetALLBrandListTest" time="3.597" errors="0" timestamp="2024-08-04T00:03:36 IST" skipped="0">
  <testcase classname="TestCases.GetALLBrandListTest" name="getAllBrandList" time="3.597"/>
</testsuite> <!-- TestCases.GetALLBrandListTest -->
