<?xml version="1.0" encoding="UTF-8"?>
<!-- Generated by org.testng.reporters.JUnitReportReporter -->
<testsuite hostname="Rawat-PC" failures="0" tests="1" name="TestCases.PostToSearchProductTest" time="1.064" errors="0" timestamp="2024-08-10T21:08:49 IST" skipped="0">
  <testcase classname="TestCases.PostToSearchProductTest" name="postToSearchProduct" time="1.064"/>
</testsuite> <!-- TestCases.PostToSearchProductTest -->
